
=== Fri Oct 27 22:40:56 2023

Packages were changed.
Update Mode: updateDependencies

The following packages were added:
  com.unity.ads@4.4.2
  com.unity.analytics@3.8.1
  com.unity.purchasing@4.9.3
  com.unity.xr.legacyinputhelpers@2.1.10
  com.unity.ai.navigation@1.1.4
The following packages were updated:
  com.unity.2d.animation from version 5.0.4 to 9.0.3
  com.unity.2d.pixel-perfect from version 4.0.1 to 5.0.3
  com.unity.2d.psdimporter from version 4.0.2 to 8.0.2
  com.unity.2d.spriteshape from version 5.1.1 to 9.0.2
  com.unity.collab-proxy from version 1.3.9 to 2.0.7
  com.unity.ide.rider from version 2.0.7 to 3.0.24
  com.unity.ide.visualstudio from version 2.0.7 to 2.0.18
  com.unity.ide.vscode from version 1.2.3 to 1.2.5
  com.unity.test-framework from version 1.1.24 to 1.1.33
  com.unity.textmeshpro from version 3.0.4 to 3.0.6
  com.unity.timeline from version 1.4.6 to 1.7.5
